This is pdfTeX, Version 3.141592653-2.6-1.40.25 (MiKTeX 23.10.12) (preloaded format=pdflatex 2023.11.21)  8 MAR 2024 13:56
entering extended mode
 restricted \write18 enabled.
 file:line:error style messages enabled.
 %&-line parsing enabled.
**"c:/Users/15210/Desktop/Group Project/Compact-Continuum-Manipulator-Platform/Deliverable/Final-Report/Main-Thesis-File.tex"
(c:/Users/15210/Desktop/Group Project/Compact-Continuum-Manipulator-Platform/Deliverable/Final-Report/Main-Thesis-File.tex
LaTeX2e <2023-11-01>
L3 programming layer <2023-11-09>
(C:\Users\15210\AppData\Local\Programs\MiKTeX\tex/latex/base\report.cls
Document Class: report 2023/05/17 v1.4n Standard LaTeX document class
(C:\Users\15210\AppData\Local\Programs\MiKTeX\tex/latex/base\size12.clo
File: size12.clo 2023/05/17 v1.4n Standard LaTeX file (size option)
)
\c@part=\count186
\c@chapter=\count187
\c@section=\count188
\c@subsection=\count189
\c@subsubsection=\count190
\c@paragraph=\count191
\c@subparagraph=\count192
\c@figure=\count193
\c@table=\count194
\abovecaptionskip=\skip48
\belowcaptionskip=\skip49
\bibindent=\dimen140
) (config/general.tex (C:\Users\15210\AppData\Local\Programs\MiKTeX\tex/latex/geometry\geometry.sty
Package: geometry 2020/01/02 v5.9 Page Geometry
 (C:\Users\15210\AppData\Local\Programs\MiKTeX\tex/latex/graphics\keyval.sty
Package: keyval 2022/05/29 v1.15 key=value parser (DPC)
\KV@toks@=\toks17
) (C:\Users\15210\AppData\Local\Programs\MiKTeX\tex/generic/iftex\ifvtex.sty
Package: ifvtex 2019/10/25 v1.7 ifvtex legacy package. Use iftex instead.
 (C:\Users\15210\AppData\Local\Programs\MiKTeX\tex/generic/iftex\iftex.sty
Package: iftex 2022/02/03 v1.0f TeX engine tests
))
\Gm@cnth=\count195
\Gm@cntv=\count196
\c@Gm@tempcnt=\count197
\Gm@bindingoffset=\dimen141
\Gm@wd@mp=\dimen142
\Gm@odd@mp=\dimen143
\Gm@even@mp=\dimen144
\Gm@layoutwidth=\dimen145
\Gm@layoutheight=\dimen146
\Gm@layouthoffset=\dimen147
\Gm@layoutvoffset=\dimen148
\Gm@dimlist=\toks18
 (C:\Users\15210\AppData\Local\Programs\MiKTeX\tex/latex/geometry\geometry.cfg)) (C:\Users\15210\AppData\Local\Programs\MiKTeX\tex/latex/base\inputenc.sty
Package: inputenc 2021/02/14 v1.3d Input encoding file
\inpenc@prehook=\toks19
\inpenc@posthook=\toks20
) (C:\Users\15210\AppData\Local\Programs\MiKTeX\tex/latex/tools\indentfirst.sty
Package: indentfirst 2023/07/02 v1.03 Indent first paragraph (DPC)
) (C:\Users\15210\AppData\Local\Programs\MiKTeX\tex/latex/tools\longtable.sty
Package: longtable 2023-11-01 v4.19 Multi-page Table package (DPC)
\LTleft=\skip50
\LTright=\skip51
\LTpre=\skip52
\LTpost=\skip53
\LTchunksize=\count198
\LTcapwidth=\dimen149
\LT@head=\box51
\LT@firsthead=\box52
\LT@foot=\box53
\LT@lastfoot=\box54
\LT@gbox=\box55
\LT@cols=\count199
\LT@rows=\count266
\c@LT@tables=\count267
\c@LT@chunks=\count268
\LT@p@ftn=\toks21
) (C:\Users\15210\AppData\Local\Programs\MiKTeX\tex/latex/multirow\multirow.sty
Package: multirow 2021/03/15 v2.8 Span multiple rows of a table
\multirow@colwidth=\skip54
\multirow@cntb=\count269
\multirow@dima=\skip55
\bigstrutjot=\dimen150
) (C:\Users\15210\AppData\Local\Programs\MiKTeX\tex/latex/gensymb\gensymb.sty
Package: gensymb 2022/10/17 v1.0.2 (KJH)
) (C:\Users\15210\AppData\Local\Programs\MiKTeX\tex/latex/base\textcomp.sty
Package: textcomp 2020/02/02 v2.0n Standard LaTeX package
) (C:\Users\15210\AppData\Local\Programs\MiKTeX\tex/latex/pdflscape\pdflscape.sty
Package: pdflscape 2022-10-27 v0.13 Display of landscape pages in PDF
 (C:\Users\15210\AppData\Local\Programs\MiKTeX\tex/latex/pdflscape\pdflscape-nometadata.sty
Package: pdflscape-nometadata 2022-10-28 v0.13 Display of landscape pages in PDF (HO)
 (C:\Users\15210\AppData\Local\Programs\MiKTeX\tex/latex/graphics\lscape.sty
Package: lscape 2020/05/28 v3.02 Landscape Pages (DPC)
 (C:\Users\15210\AppData\Local\Programs\MiKTeX\tex/latex/graphics\graphics.sty
Package: graphics 2022/03/10 v1.4e Standard LaTeX Graphics (DPC,SPQR)
 (C:\Users\15210\AppData\Local\Programs\MiKTeX\tex/latex/graphics\trig.sty
Package: trig 2021/08/11 v1.11 sin cos tan (DPC)
) (C:\Users\15210\AppData\Local\Programs\MiKTeX\tex/latex/graphics-cfg\graphics.cfg
File: graphics.cfg 2016/06/04 v1.11 sample graphics configuration
)
Package graphics Info: Driver file: pdftex.def on input line 107.
 (C:\Users\15210\AppData\Local\Programs\MiKTeX\tex/latex/graphics-def\pdftex.def
File: pdftex.def 2022/09/22 v1.2b Graphics/color driver for pdftex
)))
Package pdflscape Info: Auto-detected driver: pdftex on input line 81.
)) (C:\Users\15210\AppData\Local\Programs\MiKTeX\tex/latex/hyperref\hyperref.sty
Package: hyperref 2023-11-09 v7.01f Hypertext links for LaTeX
 (C:\Users\15210\AppData\Local\Programs\MiKTeX\tex/generic/ltxcmds\ltxcmds.sty
Package: ltxcmds 2020-05-10 v1.25 LaTeX kernel commands for general use (HO)
) (C:\Users\15210\AppData\Local\Programs\MiKTeX\tex/generic/pdftexcmds\pdftexcmds.sty
Package: pdftexcmds 2020-06-27 v0.33 Utility functions of pdfTeX for LuaTeX (HO)
 (C:\Users\15210\AppData\Local\Programs\MiKTeX\tex/generic/infwarerr\infwarerr.sty
Package: infwarerr 2019/12/03 v1.5 Providing info/warning/error messages (HO)
)
Package pdftexcmds Info: \pdf@primitive is available.
Package pdftexcmds Info: \pdf@ifprimitive is available.
Package pdftexcmds Info: \pdfdraftmode found.
) (C:\Users\15210\AppData\Local\Programs\MiKTeX\tex/latex/kvsetkeys\kvsetkeys.sty
Package: kvsetkeys 2022-10-05 v1.19 Key value parser (HO)
) (C:\Users\15210\AppData\Local\Programs\MiKTeX\tex/generic/kvdefinekeys\kvdefinekeys.sty
Package: kvdefinekeys 2019-12-19 v1.6 Define keys (HO)
) (C:\Users\15210\AppData\Local\Programs\MiKTeX\tex/generic/pdfescape\pdfescape.sty
Package: pdfescape 2019/12/09 v1.15 Implements pdfTeX's escape features (HO)
) (C:\Users\15210\AppData\Local\Programs\MiKTeX\tex/latex/hycolor\hycolor.sty
Package: hycolor 2020-01-27 v1.10 Color options for hyperref/bookmark (HO)
) (C:\Users\15210\AppData\Local\Programs\MiKTeX\tex/latex/letltxmacro\letltxmacro.sty
Package: letltxmacro 2019/12/03 v1.6 Let assignment for LaTeX macros (HO)
) (C:\Users\15210\AppData\Local\Programs\MiKTeX\tex/latex/auxhook\auxhook.sty
Package: auxhook 2019-12-17 v1.6 Hooks for auxiliary files (HO)
) (C:\Users\15210\AppData\Local\Programs\MiKTeX\tex/latex/hyperref\nameref.sty
Package: nameref 2023-11-09 v2.55 Cross-referencing by name of section
 (C:\Users\15210\AppData\Local\Programs\MiKTeX\tex/latex/refcount\refcount.sty
Package: refcount 2019/12/15 v3.6 Data extraction from label references (HO)
) (C:\Users\15210\AppData\Local\Programs\MiKTeX\tex/generic/gettitlestring\gettitlestring.sty
Package: gettitlestring 2019/12/15 v1.6 Cleanup title references (HO)
 (C:\Users\15210\AppData\Local\Programs\MiKTeX\tex/latex/kvoptions\kvoptions.sty
Package: kvoptions 2022-06-15 v3.15 Key value format for package options (HO)
))
\c@section@level=\count270
) (C:\Users\15210\AppData\Local\Programs\MiKTeX\tex/latex/etoolbox\etoolbox.sty
Package: etoolbox 2020/10/05 v2.5k e-TeX tools for LaTeX (JAW)
\etb@tempcnta=\count271
)
\@linkdim=\dimen151
\Hy@linkcounter=\count272
\Hy@pagecounter=\count273
 (C:\Users\15210\AppData\Local\Programs\MiKTeX\tex/latex/hyperref\pd1enc.def
File: pd1enc.def 2023-11-09 v7.01f Hyperref: PDFDocEncoding definition (HO)
Now handling font encoding PD1 ...
... no UTF-8 mapping file for font encoding PD1
) (C:\Users\15210\AppData\Local\Programs\MiKTeX\tex/generic/intcalc\intcalc.sty
Package: intcalc 2019/12/15 v1.3 Expandable calculations with integers (HO)
)
\Hy@SavedSpaceFactor=\count274
 (C:\Users\15210\AppData\Local\Programs\MiKTeX\tex/latex/hyperref\puenc.def
File: puenc.def 2023-11-09 v7.01f Hyperref: PDF Unicode definition (HO)
Now handling font encoding PU ...
... no UTF-8 mapping file for font encoding PU
)
Package hyperref Info: Option `colorlinks' set `true' on input line 4054.
Package hyperref Info: Hyper figures OFF on input line 4171.
Package hyperref Info: Link nesting OFF on input line 4176.
Package hyperref Info: Hyper index ON on input line 4179.
Package hyperref Info: Plain pages OFF on input line 4186.
Package hyperref Info: Backreferencing OFF on input line 4191.
Package hyperref Info: Implicit mode ON; LaTeX internals redefined.
Package hyperref Info: Bookmarks ON on input line 4438.
\c@Hy@tempcnt=\count275
 (C:\Users\15210\AppData\Local\Programs\MiKTeX\tex/latex/url\url.sty
\Urlmuskip=\muskip16
Package: url 2013/09/16  ver 3.4  Verb mode for urls, etc.
)
LaTeX Info: Redefining \url on input line 4776.
\XeTeXLinkMargin=\dimen152
 (C:\Users\15210\AppData\Local\Programs\MiKTeX\tex/generic/bitset\bitset.sty
Package: bitset 2019/12/09 v1.3 Handle bit-vector datatype (HO)
 (C:\Users\15210\AppData\Local\Programs\MiKTeX\tex/generic/bigintcalc\bigintcalc.sty
Package: bigintcalc 2019/12/15 v1.5 Expandable calculations on big integers (HO)
))
\Fld@menulength=\count276
\Field@Width=\dimen153
\Fld@charsize=\dimen154
Package hyperref Info: Hyper figures OFF on input line 6055.
Package hyperref Info: Link nesting OFF on input line 6060.
Package hyperref Info: Hyper index ON on input line 6063.
Package hyperref Info: backreferencing OFF on input line 6070.
Package hyperref Info: Link coloring ON on input line 6073.
Package hyperref Info: Link coloring with OCG OFF on input line 6080.
Package hyperref Info: PDF/A mode OFF on input line 6085.
 (C:\Users\15210\AppData\Local\Programs\MiKTeX\tex/latex/base\atbegshi-ltx.sty
Package: atbegshi-ltx 2021/01/10 v1.0c Emulation of the original atbegshi
package with kernel methods
)
\Hy@abspage=\count277
\c@Item=\count278
\c@Hfootnote=\count279
)
Package hyperref Info: Driver (autodetected): hpdftex.
 (C:\Users\15210\AppData\Local\Programs\MiKTeX\tex/latex/hyperref\hpdftex.def
File: hpdftex.def 2023-11-09 v7.01f Hyperref driver for pdfTeX
 (C:\Users\15210\AppData\Local\Programs\MiKTeX\tex/latex/base\atveryend-ltx.sty
Package: atveryend-ltx 2020/08/19 v1.0a Emulation of the original atveryend package
with kernel methods
)
\Fld@listcount=\count280
\c@bookmark@seq@number=\count281
 (C:\Users\15210\AppData\Local\Programs\MiKTeX\tex/latex/rerunfilecheck\rerunfilecheck.sty
Package: rerunfilecheck 2022-07-10 v1.10 Rerun checks for auxiliary files (HO)
 (C:\Users\15210\AppData\Local\Programs\MiKTeX\tex/generic/uniquecounter\uniquecounter.sty
Package: uniquecounter 2019/12/15 v1.4 Provide unlimited unique counter (HO)
)
Package uniquecounter Info: New unique counter `rerunfilecheck' on input line 285.
)
\Hy@SectionHShift=\skip56
) (C:\Users\15210\AppData\Local\Programs\MiKTeX\tex/latex/natbib\natbib.sty
Package: natbib 2010/09/13 8.31b (PWD, AO)
\bibhang=\skip57
\bibsep=\skip58
LaTeX Info: Redefining \cite on input line 694.
\c@NAT@ctr=\count282
) (C:\Users\15210\AppData\Local\Programs\MiKTeX\tex/latex/base\fontenc.sty
Package: fontenc 2021/04/29 v2.0v Standard LaTeX package
) (C:\Users\15210\AppData\Local\Programs\MiKTeX\tex/latex/arial\uarial.sty
Package: uarial 2006/03/21 1.0 (WaS)
) (C:\Users\15210\AppData\Local\Programs\MiKTeX\tex/latex/fancyhdr\fancyhdr.sty
Package: fancyhdr 2022/11/09 v4.1 Extensive control of page headers and footers
\f@nch@headwidth=\skip59
\f@nch@O@elh=\skip60
\f@nch@O@erh=\skip61
\f@nch@O@olh=\skip62
\f@nch@O@orh=\skip63
\f@nch@O@elf=\skip64
\f@nch@O@erf=\skip65
\f@nch@O@olf=\skip66
\f@nch@O@orf=\skip67
) (C:\Users\15210\AppData\Local\Programs\MiKTeX\tex/latex/float\float.sty
Package: float 2001/11/08 v1.3d Float enhancements (AL)
\c@float@type=\count283
\float@exts=\toks22
\float@box=\box56
\@float@everytoks=\toks23
\@floatcapt=\box57
) (C:\Users\15210\AppData\Local\Programs\MiKTeX\tex/latex/caption\subcaption.sty
Package: subcaption 2023/07/28 v1.6b Sub-captions (AR)
 (C:\Users\15210\AppData\Local\Programs\MiKTeX\tex/latex/caption\caption.sty
Package: caption 2023/08/05 v3.6o Customizing captions (AR)
 (C:\Users\15210\AppData\Local\Programs\MiKTeX\tex/latex/caption\caption3.sty
Package: caption3 2023/07/31 v2.4d caption3 kernel (AR)
\caption@tempdima=\dimen155
\captionmargin=\dimen156
\caption@leftmargin=\dimen157
\caption@rightmargin=\dimen158
\caption@width=\dimen159
\caption@indent=\dimen160
\caption@parindent=\dimen161
\caption@hangindent=\dimen162
Package caption Info: Standard document class detected.
)
\c@caption@flags=\count284
\c@continuedfloat=\count285
Package caption Info: float package is loaded.
Package caption Info: hyperref package is loaded.
Package caption Info: longtable package is loaded.
 (C:\Users\15210\AppData\Local\Programs\MiKTeX\tex/latex/caption\ltcaption.sty
Package: ltcaption 2021/01/08 v1.4c longtable captions (AR)
))
Package caption Info: New subtype `subfigure' on input line 238.
\c@subfigure=\count286
Package caption Info: New subtype `subtable' on input line 238.
\c@subtable=\count287
) (C:\Users\15210\AppData\Local\Programs\MiKTeX\tex/latex/graphics\color.sty
Package: color 2022/01/06 v1.3d Standard LaTeX Color (DPC)
 (C:\Users\15210\AppData\Local\Programs\MiKTeX\tex/latex/graphics-cfg\color.cfg
File: color.cfg 2016/01/02 v1.6 sample color configuration
)
Package color Info: Driver file: pdftex.def on input line 149.
 (C:\Users\15210\AppData\Local\Programs\MiKTeX\tex/latex/graphics\mathcolor.ltx)) (C:\Users\15210\AppData\Local\Programs\MiKTeX\tex/latex/setspace\setspace.sty
Package: setspace 2022/12/04 v6.7b set line spacing
) (C:\Users\15210\AppData\Local\Programs\MiKTeX\tex/latex/import\import.sty
Package: import 2020/04/01  v 6.2
) (C:\Users\15210\AppData\Local\Programs\MiKTeX\tex/latex/titlesec\titlesec.sty
Package: titlesec 2023/10/27 v2.16 Sectioning titles
\ttl@box=\box58
\beforetitleunit=\skip68
\aftertitleunit=\skip69
\ttl@plus=\dimen163
\ttl@minus=\dimen164
\ttl@toksa=\toks24
\titlewidth=\dimen165
\titlewidthlast=\dimen166
\titlewidthfirst=\dimen167
) (C:\Users\15210\AppData\Local\Programs\MiKTeX\tex/latex/adjustbox\adjustbox.sty
Package: adjustbox 2022/10/17 v1.3a Adjusting TeX boxes (trim, clip, ...)
 (C:\Users\15210\AppData\Local\Programs\MiKTeX\tex/latex/xkeyval\xkeyval.sty
Package: xkeyval 2022/06/16 v2.9 package option processing (HA)
 (C:\Users\15210\AppData\Local\Programs\MiKTeX\tex/generic/xkeyval\xkeyval.tex (C:\Users\15210\AppData\Local\Programs\MiKTeX\tex/generic/xkeyval\xkvutils.tex
\XKV@toks=\toks25
\XKV@tempa@toks=\toks26
)
\XKV@depth=\count288
File: xkeyval.tex 2014/12/03 v2.7a key=value parser (HA)
)) (C:\Users\15210\AppData\Local\Programs\MiKTeX\tex/latex/adjustbox\adjcalc.sty
Package: adjcalc 2012/05/16 v1.1 Provides advanced setlength with multiple back-ends (calc, etex, pgfmath)
) (C:\Users\15210\AppData\Local\Programs\MiKTeX\tex/latex/adjustbox\trimclip.sty
Package: trimclip 2020/08/19 v1.2 Trim and clip general TeX material
 (C:\Users\15210\AppData\Local\Programs\MiKTeX\tex/latex/graphics\graphicx.sty
Package: graphicx 2021/09/16 v1.2d Enhanced LaTeX Graphics (DPC,SPQR)
\Gin@req@height=\dimen168
\Gin@req@width=\dimen169
) (C:\Users\15210\AppData\Local\Programs\MiKTeX\tex/latex/collectbox\collectbox.sty
Package: collectbox 2022/10/17 v0.4c Collect macro arguments as boxes
\collectedbox=\box59
)
\tc@llx=\dimen170
\tc@lly=\dimen171
\tc@urx=\dimen172
\tc@ury=\dimen173
Package trimclip Info: Using driver 'tc-pdftex.def'.
 (C:\Users\15210\AppData\Local\Programs\MiKTeX\tex/latex/adjustbox\tc-pdftex.def
File: tc-pdftex.def 2019/01/04 v2.2 Clipping driver for pdftex
))
\adjbox@Width=\dimen174
\adjbox@Height=\dimen175
\adjbox@Depth=\dimen176
\adjbox@Totalheight=\dimen177
\adjbox@pwidth=\dimen178
\adjbox@pheight=\dimen179
\adjbox@pdepth=\dimen180
\adjbox@ptotalheight=\dimen181
 (C:\Users\15210\AppData\Local\Programs\MiKTeX\tex/latex/ifoddpage\ifoddpage.sty
Package: ifoddpage 2022/10/18 v1.2 Conditionals for odd/even page detection
\c@checkoddpage=\count289
) (C:\Users\15210\AppData\Local\Programs\MiKTeX\tex/latex/varwidth\varwidth.sty
Package: varwidth 2009/03/30 ver 0.92;  Variable-width minipages
\@vwid@box=\box60
\sift@deathcycles=\count290
\@vwid@loff=\dimen182
\@vwid@roff=\dimen183
)) (C:\Users\15210\AppData\Local\Programs\MiKTeX\tex/latex/tocloft\tocloft.sty
Package: tocloft 2017/08/31 v2.3i parameterised ToC, etc., typesetting
Package tocloft Info: The document has chapter divisions on input line 51.
\cftparskip=\skip70
\cftbeforetoctitleskip=\skip71
\cftaftertoctitleskip=\skip72
\cftbeforepartskip=\skip73
\cftpartnumwidth=\skip74
\cftpartindent=\skip75
\cftbeforechapskip=\skip76
\cftchapindent=\skip77
\cftchapnumwidth=\skip78
\cftbeforesecskip=\skip79
\cftsecindent=\skip80
\cftsecnumwidth=\skip81
\cftbeforesubsecskip=\skip82
\cftsubsecindent=\skip83
\cftsubsecnumwidth=\skip84
\cftbeforesubsubsecskip=\skip85
\cftsubsubsecindent=\skip86
\cftsubsubsecnumwidth=\skip87
\cftbeforeparaskip=\skip88
\cftparaindent=\skip89
\cftparanumwidth=\skip90
\cftbeforesubparaskip=\skip91
\cftsubparaindent=\skip92
\cftsubparanumwidth=\skip93
\cftbeforeloftitleskip=\skip94
\cftafterloftitleskip=\skip95
\cftbeforefigskip=\skip96
\cftfigindent=\skip97
\cftfignumwidth=\skip98
\c@lofdepth=\count291
\c@lotdepth=\count292
\cftbeforelottitleskip=\skip99
\cftafterlottitleskip=\skip100
\cftbeforetabskip=\skip101
\cfttabindent=\skip102
\cfttabnumwidth=\skip103
) (C:\Users\15210\AppData\Local\Programs\MiKTeX\tex/latex/supertabular\supertabular.sty
Package: supertabular 2020/02/02 v4.1g the supertabular environment
\c@tracingst=\count293
\ST@wd=\dimen184
\ST@rightskip=\skip104
\ST@leftskip=\skip105
\ST@parfillskip=\skip106
\ST@pageleft=\dimen185
\ST@headht=\dimen186
\ST@tailht=\dimen187
\ST@pagesofar=\dimen188
\ST@pboxht=\dimen189
\ST@lineht=\dimen190
\ST@prevht=\dimen191
\ST@toadd=\dimen192
\ST@dimen=\dimen193
\ST@pbox=\box61
) (C:\Users\15210\AppData\Local\Programs\MiKTeX\tex/latex/amsmath\amsmath.sty
Package: amsmath 2023/05/13 v2.17o AMS math features
\@mathmargin=\skip107

For additional information on amsmath, use the `?' option.
(C:\Users\15210\AppData\Local\Programs\MiKTeX\tex/latex/amsmath\amstext.sty
Package: amstext 2021/08/26 v2.01 AMS text
 (C:\Users\15210\AppData\Local\Programs\MiKTeX\tex/latex/amsmath\amsgen.sty
File: amsgen.sty 1999/11/30 v2.0 generic functions
\@emptytoks=\toks27
\ex@=\dimen194
)) (C:\Users\15210\AppData\Local\Programs\MiKTeX\tex/latex/amsmath\amsbsy.sty
Package: amsbsy 1999/11/29 v1.2d Bold Symbols
\pmbraise@=\dimen195
) (C:\Users\15210\AppData\Local\Programs\MiKTeX\tex/latex/amsmath\amsopn.sty
Package: amsopn 2022/04/08 v2.04 operator names
)
\inf@bad=\count294
LaTeX Info: Redefining \frac on input line 234.
\uproot@=\count295
\leftroot@=\count296
LaTeX Info: Redefining \overline on input line 399.
LaTeX Info: Redefining \colon on input line 410.
\classnum@=\count297
\DOTSCASE@=\count298
LaTeX Info: Redefining \ldots on input line 496.
LaTeX Info: Redefining \dots on input line 499.
LaTeX Info: Redefining \cdots on input line 620.
\Mathstrutbox@=\box62
\strutbox@=\box63
LaTeX Info: Redefining \big on input line 722.
LaTeX Info: Redefining \Big on input line 723.
LaTeX Info: Redefining \bigg on input line 724.
LaTeX Info: Redefining \Bigg on input line 725.
\big@size=\dimen196
LaTeX Font Info:    Redeclaring font encoding OML on input line 743.
LaTeX Font Info:    Redeclaring font encoding OMS on input line 744.
\macc@depth=\count299
LaTeX Info: Redefining \bmod on input line 905.
LaTeX Info: Redefining \pmod on input line 910.
LaTeX Info: Redefining \smash on input line 940.
LaTeX Info: Redefining \relbar on input line 970.
LaTeX Info: Redefining \Relbar on input line 971.
\c@MaxMatrixCols=\count300
\dotsspace@=\muskip17
\c@parentequation=\count301
\dspbrk@lvl=\count302
\tag@help=\toks28
\row@=\count303
\column@=\count304
\maxfields@=\count305
\andhelp@=\toks29
\eqnshift@=\dimen197
\alignsep@=\dimen198
\tagshift@=\dimen199
\tagwidth@=\dimen256
\totwidth@=\dimen257
\lineht@=\dimen258
\@envbody=\toks30
\multlinegap=\skip108
\multlinetaggap=\skip109
\mathdisplay@stack=\toks31
LaTeX Info: Redefining \[ on input line 2953.
LaTeX Info: Redefining \] on input line 2954.
) (C:\Users\15210\AppData\Local\Programs\MiKTeX\tex/latex/ulem\ulem.sty
\UL@box=\box64
\UL@hyphenbox=\box65
\UL@skip=\skip110
\UL@hook=\toks32
\UL@height=\dimen259
\UL@pe=\count306
\UL@pixel=\dimen260
\ULC@box=\box66
Package: ulem 2019/11/18
\ULdepth=\dimen261
)) (config/code-block.tex (C:\Users\15210\AppData\Local\Programs\MiKTeX\tex/latex/listings\listings.sty
\lst@mode=\count307
\lst@gtempboxa=\box67
\lst@token=\toks33
\lst@length=\count308
\lst@currlwidth=\dimen262
\lst@column=\count309
\lst@pos=\count310
\lst@lostspace=\dimen263
\lst@width=\dimen264
\lst@newlines=\count311
\lst@lineno=\count312
\lst@maxwidth=\dimen265
 (C:\Users\15210\AppData\Local\Programs\MiKTeX\tex/latex/listings\lstmisc.sty
File: lstmisc.sty 2023/02/27 1.9 (Carsten Heinz)
\c@lstnumber=\count313
\lst@skipnumbers=\count314
\lst@framebox=\box68
) (C:\Users\15210\AppData\Local\Programs\MiKTeX\tex/latex/listings\listings.cfg
File: listings.cfg 2023/02/27 1.9 listings configuration
))
Package: listings 2023/02/27 1.9 (Carsten Heinz)
 (C:\Users\15210\AppData\Local\Programs\MiKTeX\tex/latex/xcolor\xcolor.sty
Package: xcolor 2023/11/15 v3.01 LaTeX color extensions (UK)
 (C:\Users\15210\AppData\Local\Programs\MiKTeX\tex/latex/graphics-cfg\color.cfg
File: color.cfg 2016/01/02 v1.6 sample color configuration
)
Package xcolor Info: Driver file: pdftex.def on input line 274.
LaTeX Info: Redefining \color on input line 758.
 (C:\Users\15210\AppData\Local\Programs\MiKTeX\tex/latex/graphics\mathcolor.ltx)
Package xcolor Info: Model `cmy' substituted by `cmy0' on input line 1350.
Package xcolor Info: Model `hsb' substituted by `rgb' on input line 1354.
Package xcolor Info: Model `RGB' extended on input line 1366.
Package xcolor Info: Model `HTML' substituted by `rgb' on input line 1368.
Package xcolor Info: Model `Hsb' substituted by `hsb' on input line 1369.
Package xcolor Info: Model `tHsb' substituted by `hsb' on input line 1370.
Package xcolor Info: Model `HSB' substituted by `hsb' on input line 1371.
Package xcolor Info: Model `Gray' substituted by `gray' on input line 1372.
Package xcolor Info: Model `wave' substituted by `hsb' on input line 1373.
)) (config/flow-chart.tex (C:\Users\15210\AppData\Local\Programs\MiKTeX\tex/latex/pgf/frontendlayer\tikz.sty (C:\Users\15210\AppData\Local\Programs\MiKTeX\tex/latex/pgf/basiclayer\pgf.sty (C:\Users\15210\AppData\Local\Programs\MiKTeX\tex/latex/pgf/utilities\pgfrcs.sty (C:\Users\15210\AppData\Local\Programs\MiKTeX\tex/generic/pgf/utilities\pgfutil-common.tex
\pgfutil@everybye=\toks34
\pgfutil@tempdima=\dimen266
\pgfutil@tempdimb=\dimen267
) (C:\Users\15210\AppData\Local\Programs\MiKTeX\tex/generic/pgf/utilities\pgfutil-latex.def
\pgfutil@abb=\box69
) (C:\Users\15210\AppData\Local\Programs\MiKTeX\tex/generic/pgf/utilities\pgfrcs.code.tex (C:\Users\15210\AppData\Local\Programs\MiKTeX\tex/generic/pgf\pgf.revision.tex)
Package: pgfrcs 2023-01-15 v3.1.10 (3.1.10)
))
Package: pgf 2023-01-15 v3.1.10 (3.1.10)
 (C:\Users\15210\AppData\Local\Programs\MiKTeX\tex/latex/pgf/basiclayer\pgfcore.sty (C:\Users\15210\AppData\Local\Programs\MiKTeX\tex/latex/pgf/systemlayer\pgfsys.sty (C:\Users\15210\AppData\Local\Programs\MiKTeX\tex/generic/pgf/systemlayer\pgfsys.code.tex
Package: pgfsys 2023-01-15 v3.1.10 (3.1.10)
 (C:\Users\15210\AppData\Local\Programs\MiKTeX\tex/generic/pgf/utilities\pgfkeys.code.tex
\pgfkeys@pathtoks=\toks35
\pgfkeys@temptoks=\toks36
 (C:\Users\15210\AppData\Local\Programs\MiKTeX\tex/generic/pgf/utilities\pgfkeyslibraryfiltered.code.tex
\pgfkeys@tmptoks=\toks37
))
\pgf@x=\dimen268
\pgf@y=\dimen269
\pgf@xa=\dimen270
\pgf@ya=\dimen271
\pgf@xb=\dimen272
\pgf@yb=\dimen273
\pgf@xc=\dimen274
\pgf@yc=\dimen275
\pgf@xd=\dimen276
\pgf@yd=\dimen277
\w@pgf@writea=\write3
\r@pgf@reada=\read2
\c@pgf@counta=\count315
\c@pgf@countb=\count316
\c@pgf@countc=\count317
\c@pgf@countd=\count318
\t@pgf@toka=\toks38
\t@pgf@tokb=\toks39
\t@pgf@tokc=\toks40
\pgf@sys@id@count=\count319
 (C:\Users\15210\AppData\Local\Programs\MiKTeX\tex/generic/pgf/systemlayer\pgf.cfg
File: pgf.cfg 2023-01-15 v3.1.10 (3.1.10)
)
Driver file for pgf: pgfsys-pdftex.def
 (C:\Users\15210\AppData\Local\Programs\MiKTeX\tex/generic/pgf/systemlayer\pgfsys-pdftex.def
File: pgfsys-pdftex.def 2023-01-15 v3.1.10 (3.1.10)
 (C:\Users\15210\AppData\Local\Programs\MiKTeX\tex/generic/pgf/systemlayer\pgfsys-common-pdf.def
File: pgfsys-common-pdf.def 2023-01-15 v3.1.10 (3.1.10)
))) (C:\Users\15210\AppData\Local\Programs\MiKTeX\tex/generic/pgf/systemlayer\pgfsyssoftpath.code.tex
File: pgfsyssoftpath.code.tex 2023-01-15 v3.1.10 (3.1.10)
\pgfsyssoftpath@smallbuffer@items=\count320
\pgfsyssoftpath@bigbuffer@items=\count321
) (C:\Users\15210\AppData\Local\Programs\MiKTeX\tex/generic/pgf/systemlayer\pgfsysprotocol.code.tex
File: pgfsysprotocol.code.tex 2023-01-15 v3.1.10 (3.1.10)
)) (C:\Users\15210\AppData\Local\Programs\MiKTeX\tex/generic/pgf/basiclayer\pgfcore.code.tex
Package: pgfcore 2023-01-15 v3.1.10 (3.1.10)
 (C:\Users\15210\AppData\Local\Programs\MiKTeX\tex/generic/pgf/math\pgfmath.code.tex (C:\Users\15210\AppData\Local\Programs\MiKTeX\tex/generic/pgf/math\pgfmathutil.code.tex) (C:\Users\15210\AppData\Local\Programs\MiKTeX\tex/generic/pgf/math\pgfmathparser.code.tex
\pgfmath@dimen=\dimen278
\pgfmath@count=\count322
\pgfmath@box=\box70
\pgfmath@toks=\toks41
\pgfmath@stack@operand=\toks42
\pgfmath@stack@operation=\toks43
) (C:\Users\15210\AppData\Local\Programs\MiKTeX\tex/generic/pgf/math\pgfmathfunctions.code.tex) (C:\Users\15210\AppData\Local\Programs\MiKTeX\tex/generic/pgf/math\pgfmathfunctions.basic.code.tex) (C:\Users\15210\AppData\Local\Programs\MiKTeX\tex/generic/pgf/math\pgfmathfunctions.trigonometric.code.tex) (C:\Users\15210\AppData\Local\Programs\MiKTeX\tex/generic/pgf/math\pgfmathfunctions.random.code.tex) (C:\Users\15210\AppData\Local\Programs\MiKTeX\tex/generic/pgf/math\pgfmathfunctions.comparison.code.tex) (C:\Users\15210\AppData\Local\Programs\MiKTeX\tex/generic/pgf/math\pgfmathfunctions.base.code.tex) (C:\Users\15210\AppData\Local\Programs\MiKTeX\tex/generic/pgf/math\pgfmathfunctions.round.code.tex) (C:\Users\15210\AppData\Local\Programs\MiKTeX\tex/generic/pgf/math\pgfmathfunctions.misc.code.tex) (C:\Users\15210\AppData\Local\Programs\MiKTeX\tex/generic/pgf/math\pgfmathfunctions.integerarithmetics.code.tex) (C:\Users\15210\AppData\Local\Programs\MiKTeX\tex/generic/pgf/math\pgfmathcalc.code.tex) (C:\Users\15210\AppData\Local\Programs\MiKTeX\tex/generic/pgf/math\pgfmathfloat.code.tex
\c@pgfmathroundto@lastzeros=\count323
)) (C:\Users\15210\AppData\Local\Programs\MiKTeX\tex/generic/pgf/math\pgfint.code.tex) (C:\Users\15210\AppData\Local\Programs\MiKTeX\tex/generic/pgf/basiclayer\pgfcorepoints.code.tex
File: pgfcorepoints.code.tex 2023-01-15 v3.1.10 (3.1.10)
\pgf@picminx=\dimen279
\pgf@picmaxx=\dimen280
\pgf@picminy=\dimen281
\pgf@picmaxy=\dimen282
\pgf@pathminx=\dimen283
\pgf@pathmaxx=\dimen284
\pgf@pathminy=\dimen285
\pgf@pathmaxy=\dimen286
\pgf@xx=\dimen287
\pgf@xy=\dimen288
\pgf@yx=\dimen289
\pgf@yy=\dimen290
\pgf@zx=\dimen291
\pgf@zy=\dimen292
) (C:\Users\15210\AppData\Local\Programs\MiKTeX\tex/generic/pgf/basiclayer\pgfcorepathconstruct.code.tex
File: pgfcorepathconstruct.code.tex 2023-01-15 v3.1.10 (3.1.10)
\pgf@path@lastx=\dimen293
\pgf@path@lasty=\dimen294
) (C:\Users\15210\AppData\Local\Programs\MiKTeX\tex/generic/pgf/basiclayer\pgfcorepathusage.code.tex
File: pgfcorepathusage.code.tex 2023-01-15 v3.1.10 (3.1.10)
\pgf@shorten@end@additional=\dimen295
\pgf@shorten@start@additional=\dimen296
) (C:\Users\15210\AppData\Local\Programs\MiKTeX\tex/generic/pgf/basiclayer\pgfcorescopes.code.tex
File: pgfcorescopes.code.tex 2023-01-15 v3.1.10 (3.1.10)
\pgfpic=\box71
\pgf@hbox=\box72
\pgf@layerbox@main=\box73
\pgf@picture@serial@count=\count324
) (C:\Users\15210\AppData\Local\Programs\MiKTeX\tex/generic/pgf/basiclayer\pgfcoregraphicstate.code.tex
File: pgfcoregraphicstate.code.tex 2023-01-15 v3.1.10 (3.1.10)
\pgflinewidth=\dimen297
) (C:\Users\15210\AppData\Local\Programs\MiKTeX\tex/generic/pgf/basiclayer\pgfcoretransformations.code.tex
File: pgfcoretransformations.code.tex 2023-01-15 v3.1.10 (3.1.10)
\pgf@pt@x=\dimen298
\pgf@pt@y=\dimen299
\pgf@pt@temp=\dimen300
) (C:\Users\15210\AppData\Local\Programs\MiKTeX\tex/generic/pgf/basiclayer\pgfcorequick.code.tex
File: pgfcorequick.code.tex 2023-01-15 v3.1.10 (3.1.10)
) (C:\Users\15210\AppData\Local\Programs\MiKTeX\tex/generic/pgf/basiclayer\pgfcoreobjects.code.tex
File: pgfcoreobjects.code.tex 2023-01-15 v3.1.10 (3.1.10)
) (C:\Users\15210\AppData\Local\Programs\MiKTeX\tex/generic/pgf/basiclayer\pgfcorepathprocessing.code.tex
File: pgfcorepathprocessing.code.tex 2023-01-15 v3.1.10 (3.1.10)
) (C:\Users\15210\AppData\Local\Programs\MiKTeX\tex/generic/pgf/basiclayer\pgfcorearrows.code.tex
File: pgfcorearrows.code.tex 2023-01-15 v3.1.10 (3.1.10)
\pgfarrowsep=\dimen301
) (C:\Users\15210\AppData\Local\Programs\MiKTeX\tex/generic/pgf/basiclayer\pgfcoreshade.code.tex
File: pgfcoreshade.code.tex 2023-01-15 v3.1.10 (3.1.10)
\pgf@max=\dimen302
\pgf@sys@shading@range@num=\count325
\pgf@shadingcount=\count326
) (C:\Users\15210\AppData\Local\Programs\MiKTeX\tex/generic/pgf/basiclayer\pgfcoreimage.code.tex
File: pgfcoreimage.code.tex 2023-01-15 v3.1.10 (3.1.10)
) (C:\Users\15210\AppData\Local\Programs\MiKTeX\tex/generic/pgf/basiclayer\pgfcoreexternal.code.tex
File: pgfcoreexternal.code.tex 2023-01-15 v3.1.10 (3.1.10)
\pgfexternal@startupbox=\box74
) (C:\Users\15210\AppData\Local\Programs\MiKTeX\tex/generic/pgf/basiclayer\pgfcorelayers.code.tex
File: pgfcorelayers.code.tex 2023-01-15 v3.1.10 (3.1.10)
) (C:\Users\15210\AppData\Local\Programs\MiKTeX\tex/generic/pgf/basiclayer\pgfcoretransparency.code.tex
File: pgfcoretransparency.code.tex 2023-01-15 v3.1.10 (3.1.10)
) (C:\Users\15210\AppData\Local\Programs\MiKTeX\tex/generic/pgf/basiclayer\pgfcorepatterns.code.tex
File: pgfcorepatterns.code.tex 2023-01-15 v3.1.10 (3.1.10)
) (C:\Users\15210\AppData\Local\Programs\MiKTeX\tex/generic/pgf/basiclayer\pgfcorerdf.code.tex
File: pgfcorerdf.code.tex 2023-01-15 v3.1.10 (3.1.10)
))) (C:\Users\15210\AppData\Local\Programs\MiKTeX\tex/generic/pgf/modules\pgfmoduleshapes.code.tex
File: pgfmoduleshapes.code.tex 2023-01-15 v3.1.10 (3.1.10)
\pgfnodeparttextbox=\box75
) (C:\Users\15210\AppData\Local\Programs\MiKTeX\tex/generic/pgf/modules\pgfmoduleplot.code.tex
File: pgfmoduleplot.code.tex 2023-01-15 v3.1.10 (3.1.10)
) (C:\Users\15210\AppData\Local\Programs\MiKTeX\tex/latex/pgf/compatibility\pgfcomp-version-0-65.sty
Package: pgfcomp-version-0-65 2023-01-15 v3.1.10 (3.1.10)
\pgf@nodesepstart=\dimen303
\pgf@nodesepend=\dimen304
) (C:\Users\15210\AppData\Local\Programs\MiKTeX\tex/latex/pgf/compatibility\pgfcomp-version-1-18.sty
Package: pgfcomp-version-1-18 2023-01-15 v3.1.10 (3.1.10)
)) (C:\Users\15210\AppData\Local\Programs\MiKTeX\tex/latex/pgf/utilities\pgffor.sty (C:\Users\15210\AppData\Local\Programs\MiKTeX\tex/latex/pgf/utilities\pgfkeys.sty (C:\Users\15210\AppData\Local\Programs\MiKTeX\tex/generic/pgf/utilities\pgfkeys.code.tex)) (C:\Users\15210\AppData\Local\Programs\MiKTeX\tex/latex/pgf/math\pgfmath.sty (C:\Users\15210\AppData\Local\Programs\MiKTeX\tex/generic/pgf/math\pgfmath.code.tex)) (C:\Users\15210\AppData\Local\Programs\MiKTeX\tex/generic/pgf/utilities\pgffor.code.tex
Package: pgffor 2023-01-15 v3.1.10 (3.1.10)
\pgffor@iter=\dimen305
\pgffor@skip=\dimen306
\pgffor@stack=\toks44
\pgffor@toks=\toks45
)) (C:\Users\15210\AppData\Local\Programs\MiKTeX\tex/generic/pgf/frontendlayer/tikz\tikz.code.tex
Package: tikz 2023-01-15 v3.1.10 (3.1.10)
 (C:\Users\15210\AppData\Local\Programs\MiKTeX\tex/generic/pgf/libraries\pgflibraryplothandlers.code.tex
File: pgflibraryplothandlers.code.tex 2023-01-15 v3.1.10 (3.1.10)
\pgf@plot@mark@count=\count327
\pgfplotmarksize=\dimen307
)
\tikz@lastx=\dimen308
\tikz@lasty=\dimen309
\tikz@lastxsaved=\dimen310
\tikz@lastysaved=\dimen311
\tikz@lastmovetox=\dimen312
\tikz@lastmovetoy=\dimen313
\tikzleveldistance=\dimen314
\tikzsiblingdistance=\dimen315
\tikz@figbox=\box76
\tikz@figbox@bg=\box77
\tikz@tempbox=\box78
\tikz@tempbox@bg=\box79
\tikztreelevel=\count328
\tikznumberofchildren=\count329
\tikznumberofcurrentchild=\count330
\tikz@fig@count=\count331
 (C:\Users\15210\AppData\Local\Programs\MiKTeX\tex/generic/pgf/modules\pgfmodulematrix.code.tex
File: pgfmodulematrix.code.tex 2023-01-15 v3.1.10 (3.1.10)
\pgfmatrixcurrentrow=\count332
\pgfmatrixcurrentcolumn=\count333
\pgf@matrix@numberofcolumns=\count334
)
\tikz@expandcount=\count335
 (C:\Users\15210\AppData\Local\Programs\MiKTeX\tex/generic/pgf/frontendlayer/tikz/libraries\tikzlibrarytopaths.code.tex
File: tikzlibrarytopaths.code.tex 2023-01-15 v3.1.10 (3.1.10)
))) (C:\Users\15210\AppData\Local\Programs\MiKTeX\tex/generic/pgf/libraries\pgflibraryarrows.meta.code.tex
File: pgflibraryarrows.meta.code.tex 2023-01-15 v3.1.10 (3.1.10)
\pgfarrowinset=\dimen316
\pgfarrowlength=\dimen317
\pgfarrowwidth=\dimen318
\pgfarrowlinewidth=\dimen319
) (C:\Users\15210\AppData\Local\Programs\MiKTeX\tex/generic/pgf/frontendlayer/tikz/libraries\tikzlibraryshapes.geometric.code.tex
File: tikzlibraryshapes.geometric.code.tex 2023-01-15 v3.1.10 (3.1.10)
 (C:\Users\15210\AppData\Local\Programs\MiKTeX\tex/generic/pgf/libraries/shapes\pgflibraryshapes.geometric.code.tex
File: pgflibraryshapes.geometric.code.tex 2023-01-15 v3.1.10 (3.1.10)
)))
LaTeX Font Info:    Trying to load font information for T1+ua1 on input line 6.
 (C:\Users\15210\AppData\Local\Programs\MiKTeX\tex/latex/arial\t1ua1.fd
File: t1ua1.fd 2006/03/21 Fontinst v1.928 font definitions for T1/ua1.
)
LaTeX Font Info:    Font shape `T1/ua1/m/n' will be
(Font)              scaled to size 11.39996pt on input line 6.
 (C:\Users\15210\AppData\Local\Programs\MiKTeX\tex/latex/l3backend\l3backend-pdftex.def
File: l3backend-pdftex.def 2023-11-09 L3 backend support: PDF output (pdfTeX)
\l__color_backend_stack_int=\count336
\l__pdf_internal_box=\box80
) (Main-Thesis-File.aux)
\openout1 = `Main-Thesis-File.aux'.

LaTeX Font Info:    Checking defaults for OML/cmm/m/it on input line 6.
LaTeX Font Info:    ... okay on input line 6.
LaTeX Font Info:    Checking defaults for OMS/cmsy/m/n on input line 6.
LaTeX Font Info:    ... okay on input line 6.
LaTeX Font Info:    Checking defaults for OT1/cmr/m/n on input line 6.
LaTeX Font Info:    ... okay on input line 6.
LaTeX Font Info:    Checking defaults for T1/cmr/m/n on input line 6.
LaTeX Font Info:    ... okay on input line 6.
LaTeX Font Info:    Checking defaults for TS1/cmr/m/n on input line 6.
LaTeX Font Info:    ... okay on input line 6.
LaTeX Font Info:    Checking defaults for OMX/cmex/m/n on input line 6.
LaTeX Font Info:    ... okay on input line 6.
LaTeX Font Info:    Checking defaults for U/cmr/m/n on input line 6.
LaTeX Font Info:    ... okay on input line 6.
LaTeX Font Info:    Checking defaults for PD1/pdf/m/n on input line 6.
LaTeX Font Info:    ... okay on input line 6.
LaTeX Font Info:    Checking defaults for PU/pdf/m/n on input line 6.
LaTeX Font Info:    ... okay on input line 6.

*geometry* driver: auto-detecting
*geometry* detected driver: pdftex
*geometry* verbose mode - [ preamble ] result:
* driver: pdftex
* paper: a4paper
* layout: <same size as paper>
* layoutoffset:(h,v)=(0.0pt,0.0pt)
* modes: 
* h-part:(L,W,R)=(72.26999pt, 452.9679pt, 72.26999pt)
* v-part:(T,H,B)=(72.26999pt, 700.50687pt, 72.26999pt)
* \paperwidth=597.50787pt
* \paperheight=845.04684pt
* \textwidth=452.9679pt
* \textheight=700.50687pt
* \oddsidemargin=0.0pt
* \evensidemargin=0.0pt
* \topmargin=-37.0pt
* \headheight=15.0pt
* \headsep=25.0pt
* \topskip=12.0pt
* \footskip=30.0pt
* \marginparwidth=44.0pt
* \marginparsep=10.0pt
* \columnsep=10.0pt
* \skip\footins=10.8pt plus 4.0pt minus 2.0pt
* \hoffset=0.0pt
* \voffset=0.0pt
* \mag=1000
* \@twocolumnfalse
* \@twosidefalse
* \@mparswitchfalse
* \@reversemarginfalse
* (1in=72.27pt=25.4mm, 1cm=28.453pt)

\symgns@font=\mathgroup4
LaTeX Font Info:    Overwriting symbol font `gns@font' in version `bold'
(Font)                  TS1/ua1/m/n --> TS1/ua1/b/n on input line 6.
Package gensymb Info: Math companion symbols declared on input line 6.
LaTeX Info: Redefining \degree on input line 6.
LaTeX Info: Redefining \celsius on input line 6.
Package gensymb Info: Using text companion symbols for \degree, \celsius and \perthousand on input line 6.
LaTeX Info: Redefining \ohm on input line 6.
Package gensymb Info: Using \textohm for \ohm on input line 6.
Package gensymb Info: Using \textmu for \micro on input line 6.
(C:\Users\15210\AppData\Local\Programs\MiKTeX\tex/context/base/mkii\supp-pdf.mkii
[Loading MPS to PDF converter (version 2006.09.02).]
\scratchcounter=\count337
\scratchdimen=\dimen320
\scratchbox=\box81
\nofMPsegments=\count338
\nofMParguments=\count339
\everyMPshowfont=\toks46
\MPscratchCnt=\count340
\MPscratchDim=\dimen321
\MPnumerator=\count341
\makeMPintoPDFobject=\count342
\everyMPtoPDFconversion=\toks47
) (C:\Users\15210\AppData\Local\Programs\MiKTeX\tex/latex/epstopdf-pkg\epstopdf-base.sty
Package: epstopdf-base 2020-01-24 v2.11 Base part for package epstopdf
Package epstopdf-base Info: Redefining graphics rule for `.eps' on input line 485.
 (C:\Users\15210\AppData\Local\Programs\MiKTeX\tex/latex/00miktex\epstopdf-sys.cfg
File: epstopdf-sys.cfg 2021/03/18 v2.0 Configuration of epstopdf for MiKTeX
))
Package hyperref Info: Link coloring ON on input line 6.
 (Main-Thesis-File.out) (Main-Thesis-File.out)
\@outlinefile=\write4
\openout4 = `Main-Thesis-File.out'.

Package caption Info: Begin \AtBeginDocument code.
Package caption Info: listings package is loaded.
Package caption Info: supertabular package is loaded.
Package caption Info: End \AtBeginDocument code.
\c@lstlisting=\count343
 (Section/Cover-Page.tex
<Image/ucl_logo.png, id=135, 295.1025pt x 84.315pt>
File: Image/ucl_logo.png Graphic file (type png)
<use Image/ucl_logo.png>
Package pdftex.def Info: Image/ucl_logo.png  used on input line 5.
(pdftex.def)             Requested size: 317.07614pt x 90.59438pt.
LaTeX Font Info:    Font shape `T1/ua1/m/n' will be
(Font)              scaled to size 19.70294pt on input line 11.
LaTeX Font Info:    Font shape `T1/ua1/b/n' will be
(Font)              scaled to size 19.70294pt on input line 11.
LaTeX Font Info:    Font shape `T1/ua1/m/n' will be
(Font)              scaled to size 23.63593pt on input line 15.
LaTeX Font Info:    Font shape `T1/ua1/b/n' will be
(Font)              scaled to size 23.63593pt on input line 15.
LaTeX Font Info:    Font shape `T1/ua1/b/n' will be
(Font)              scaled to size 11.39996pt on input line 22.
LaTeX Font Info:    Font shape `T1/ua1/b/it' will be
(Font)              scaled to size 11.39996pt on input line 22.
 [1

{C:/Users/15210/AppData/Local/MiKTeX/fonts/map/pdftex/pdftex.map}{C:/Users/15210/AppData/Local/Programs/MiKTeX/fonts/enc/dvips/base/8r.enc} <./Image/ucl_logo.png>]) (Section/Abstract.tex
LaTeX Font Info:    Font shape `T1/ua1/m/n' will be
(Font)              scaled to size 16.41594pt on input line 2.
LaTeX Font Info:    Font shape `T1/ua1/b/n' will be
(Font)              scaled to size 16.41594pt on input line 2.
LaTeX Font Info:    Trying to load font information for TS1+ua1 on input line 27.
 (C:\Users\15210\AppData\Local\Programs\MiKTeX\tex/latex/arial\ts1ua1.fd
File: ts1ua1.fd 2006/03/21 Fontinst v1.928 font definitions for TS1/ua1.
)
LaTeX Font Info:    Font shape `TS1/ua1/m/n' will be
(Font)              scaled to size 11.39996pt on input line 27.
LaTeX Font Info:    Font shape `TS1/ua1/m/n' will be
(Font)              scaled to size 7.59998pt on input line 27.
LaTeX Font Info:    Font shape `TS1/ua1/m/n' will be
(Font)              scaled to size 5.69998pt on input line 27.
 [1]) (Section/Contents-List.tex (Main-Thesis-File.toc
pdfTeX warning (ext4): destination with the same identifier (name{page.}) has been already used, duplicate ignored
<to be read again> 
                   \relax 
l.46 ...}Needs Satisfaction}{44}{subsection.0.5.2}
                                                  % [2])
\tf@toc=\write5
\openout5 = `Main-Thesis-File.toc'.

 [1] (Main-Thesis-File.lof)
\tf@lof=\write6
\openout6 = `Main-Thesis-File.lof'.

 [2] (Main-Thesis-File.lot)
\tf@lot=\write7
\openout7 = `Main-Thesis-File.lot'.

 [3]) (Section/Introduction.tex
LaTeX Font Info:    Font shape `T1/ua1/m/n' will be
(Font)              scaled to size 13.67995pt on input line 3.
LaTeX Font Info:    Font shape `T1/ua1/b/n' will be
(Font)              scaled to size 13.67995pt on input line 3.

pdfTeX warning (ext4): destination with the same identifier (name{page.1}) has been already used, duplicate ignored
<to be read again> 
                   \relax 
l.30 
      [1] [2]) (Section/Literature-Review.tex
LaTeX Font Info:    Font shape `T1/ua1/m/n' will be
(Font)              scaled to size 10.40245pt on input line 31.
LaTeX Font Info:    Font shape `T1/ua1/b/n' will be
(Font)              scaled to size 10.40245pt on input line 35.
LaTeX Font Info:    Font shape `TS1/ua1/m/n' will be
(Font)              scaled to size 10.40245pt on input line 55.
 [3] [4]
<Image/LR/3tendon_1segment_CR.PNG, id=355, 933.4875pt x 509.5035pt>
File: Image/LR/3tendon_1segment_CR.PNG Graphic file (type png)
<use Image/LR/3tendon_1segment_CR.PNG>
Package pdftex.def Info: Image/LR/3tendon_1segment_CR.PNG  used on input line 132.
(pdftex.def)             Requested size: 317.07614pt x 173.05785pt.
 [5]
<Image/LR/fishbone_CR_amouri2023bio.PNG, id=364, 895.54575pt x 454.0965pt>
File: Image/LR/fishbone_CR_amouri2023bio.PNG Graphic file (type png)
<use Image/LR/fishbone_CR_amouri2023bio.PNG>
Package pdftex.def Info: Image/LR/fishbone_CR_amouri2023bio.PNG  used on input line 144.
(pdftex.def)             Requested size: 407.66833pt x 206.71123pt.
 [6 <./Image/LR/3tendon_1segment_CR.PNG> <./Image/LR/fishbone_CR_amouri2023bio.PNG>]
<Image/LR/concentric_tube_CR.PNG, id=379, 1000.33725pt x 346.896pt>
File: Image/LR/concentric_tube_CR.PNG Graphic file (type png)
<use Image/LR/concentric_tube_CR.PNG>
Package pdftex.def Info: Image/LR/concentric_tube_CR.PNG  used on input line 171.
(pdftex.def)             Requested size: 362.37569pt x 125.66585pt.
 [7 <./Image/LR/concentric_tube_CR.PNG>]) (Section/Design.tex
<Image/Design/main_component_of_manipulator.png, id=392, 1123.7985pt x 542.025pt>
File: Image/Design/main_component_of_manipulator.png Graphic file (type png)
<use Image/Design/main_component_of_manipulator.png>
Package pdftex.def Info: Image/Design/main_component_of_manipulator.png  used on input line 14.
(pdftex.def)             Requested size: 452.9679pt x 218.46855pt.
 [8 <./Image/Design/main_component_of_manipulator.png>]
LaTeX Font Info:    Font shape `T1/ua1/m/n' will be
(Font)              scaled to size 7.59998pt on input line 57.
LaTeX Font Info:    Font shape `T1/ua1/m/n' will be
(Font)              scaled to size 5.69998pt on input line 57.
LaTeX Font Info:    Font shape `TS1/ua1/b/n' will be
(Font)              scaled to size 10.40245pt on input line 62.
LaTeX Font Info:    Font shape `TS1/ua1/b/n' will be
(Font)              scaled to size 7.59998pt on input line 62.
LaTeX Font Info:    Font shape `TS1/ua1/b/n' will be
(Font)              scaled to size 5.69998pt on input line 62.
 [9] [10] [11]
<Image/Design/model.png, id=434, 873.2625pt x 634.62094pt>
File: Image/Design/model.png Graphic file (type png)
<use Image/Design/model.png>
Package pdftex.def Info: Image/Design/model.png  used on input line 139.
(pdftex.def)             Requested size: 385.02547pt x 279.8054pt.
<Image/Design/mesh_independence.png, id=436, 483.99pt x 252.945pt>
File: Image/Design/mesh_independence.png Graphic file (type png)
<use Image/Design/mesh_independence.png>
Package pdftex.def Info: Image/Design/mesh_independence.png  used on input line 155.
(pdftex.def)             Requested size: 385.02547pt x 201.22926pt.
 [12 <./Image/Design/model.png>]
<Image/Design/model_mesh.png, id=443, 1164.35pt x 937.5025pt>
File: Image/Design/model_mesh.png Graphic file (type png)
<use Image/Design/model_mesh.png>
Package pdftex.def Info: Image/Design/model_mesh.png  used on input line 163.
(pdftex.def)             Requested size: 385.02547pt x 310.00621pt.
 [13 <./Image/Design/mesh_independence.png> <./Image/Design/model_mesh.png (PNG copy)>]
<Image/MATLAB/manipulator_0_0_0_0.png, id=452, 421.575pt x 316.0608pt>
File: Image/MATLAB/manipulator_0_0_0_0.png Graphic file (type png)
<use Image/MATLAB/manipulator_0_0_0_0.png>
Package pdftex.def Info: Image/MATLAB/manipulator_0_0_0_0.png  used on input line 182.
(pdftex.def)             Requested size: 452.9679pt x 339.60442pt.
 [14 <./Image/MATLAB/manipulator_0_0_0_0.png (PNG copy)>]
<Image/MATLAB/manipulator_90_0_0_0.png, id=460, 421.575pt x 316.0608pt>
File: Image/MATLAB/manipulator_90_0_0_0.png Graphic file (type png)
<use Image/MATLAB/manipulator_90_0_0_0.png>
Package pdftex.def Info: Image/MATLAB/manipulator_90_0_0_0.png  used on input line 203.
(pdftex.def)             Requested size: 217.42265pt x 163.00702pt.
<Image/MATLAB/manipulator_0_90_0_0.png, id=461, 421.575pt x 316.0608pt>
File: Image/MATLAB/manipulator_0_90_0_0.png Graphic file (type png)
<use Image/MATLAB/manipulator_0_90_0_0.png>
Package pdftex.def Info: Image/MATLAB/manipulator_0_90_0_0.png  used on input line 209.
(pdftex.def)             Requested size: 217.42265pt x 163.00702pt.
<Image/MATLAB/manipulator_0_0_90_0.png, id=462, 421.575pt x 316.0608pt>
File: Image/MATLAB/manipulator_0_0_90_0.png Graphic file (type png)
<use Image/MATLAB/manipulator_0_0_90_0.png>
Package pdftex.def Info: Image/MATLAB/manipulator_0_0_90_0.png  used on input line 214.
(pdftex.def)             Requested size: 217.42265pt x 163.00702pt.
<Image/MATLAB/manipulator_0_0_0_90.png, id=463, 421.575pt x 316.0608pt>
File: Image/MATLAB/manipulator_0_0_0_90.png Graphic file (type png)
<use Image/MATLAB/manipulator_0_0_0_90.png>
Package pdftex.def Info: Image/MATLAB/manipulator_0_0_0_90.png  used on input line 220.
(pdftex.def)             Requested size: 217.42265pt x 163.00702pt.
 [15 <./Image/MATLAB/manipulator_90_0_0_0.png (PNG copy)> <./Image/MATLAB/manipulator_0_90_0_0.png (PNG copy)> <./Image/MATLAB/manipulator_0_0_90_0.png (PNG copy)> <./Image/MATLAB/manipulator_0_0_0_90.png (PNG copy)>]
LaTeX Font Info:    Font shape `T1/ua1/m/it' will be
(Font)              scaled to size 11.39996pt on input line 242.
LaTeX Font Info:    Font shape `TS1/ua1/b/n' will be
(Font)              scaled to size 11.39996pt on input line 260.
 [16] [17] [18] [19]
<Image/Design/flowchart_arduino_motor.png, id=533, 889.3225pt x 609.27625pt>
File: Image/Design/flowchart_arduino_motor.png Graphic file (type png)
<use Image/Design/flowchart_arduino_motor.png>
Package pdftex.def Info: Image/Design/flowchart_arduino_motor.png  used on input line 420.
(pdftex.def)             Requested size: 452.9679pt x 310.32701pt.
 [20] [21 <./Image/Design/flowchart_arduino_motor.png>]
<Image/Design/MPU6050_chip.png, id=548, 263.48438pt x 195.73125pt>
File: Image/Design/MPU6050_chip.png Graphic file (type png)
<use Image/Design/MPU6050_chip.png>
Package pdftex.def Info: Image/Design/MPU6050_chip.png  used on input line 470.
(pdftex.def)             Requested size: 203.83417pt x 151.4273pt.
<Image/Design/MPU6050_circuit.png, id=549, 682.04813pt x 408.02437pt>
File: Image/Design/MPU6050_circuit.png Graphic file (type png)
<use Image/Design/MPU6050_circuit.png>
Package pdftex.def Info: Image/Design/MPU6050_circuit.png  used on input line 477.
(pdftex.def)             Requested size: 203.83417pt x 121.9413pt.
 [22]
<Image/Design/tof_circuit.jpg, id=563, 1015.54407pt x 496.10344pt>
File: Image/Design/tof_circuit.jpg Graphic file (type jpg)
<use Image/Design/tof_circuit.jpg>
Package pdftex.def Info: Image/Design/tof_circuit.jpg  used on input line 518.
(pdftex.def)             Requested size: 407.66833pt x 199.14943pt.
 [23 <./Image/Design/MPU6050_chip.png> <./Image/Design/MPU6050_circuit.png>] [24 <./Image/Design/tof_circuit.jpg>]) (Section/Result.tex
<Image/Result/displacement.png, id=581, 873.2625pt x 703.12688pt>
File: Image/Result/displacement.png Graphic file (type png)
<use Image/Result/displacement.png>
Package pdftex.def Info: Image/Result/displacement.png  used on input line 14.
(pdftex.def)             Requested size: 339.72592pt x 273.53172pt.
<Image/Result/stress.jpg, id=583, 1164.35pt x 937.5025pt>
File: Image/Result/stress.jpg Graphic file (type jpg)
<use Image/Result/stress.jpg>
Package pdftex.def Info: Image/Result/stress.jpg  used on input line 25.
(pdftex.def)             Requested size: 339.72592pt x 273.52815pt.
 [25 <./Image/Result/displacement.png>] [26 <./Image/Result/stress.jpg>] [27]
<Image/Result/error_analysis.png, id=602, 405.9165pt x 305.943pt>
File: Image/Result/error_analysis.png Graphic file (type png)
<use Image/Result/error_analysis.png>
Package pdftex.def Info: Image/Result/error_analysis.png  used on input line 86.
(pdftex.def)             Requested size: 362.37569pt x 273.1287pt.
 [28 <./Image/Result/error_analysis.png>]
<Image/Result/workspace_10000.png, id=609, 331.2375pt x 249.93375pt>
File: Image/Result/workspace_10000.png Graphic file (type png)
<use Image/Result/workspace_10000.png>
Package pdftex.def Info: Image/Result/workspace_10000.png  used on input line 116.
(pdftex.def)             Requested size: 203.83417pt x 153.80177pt.
<Image/Result/workspace_1000000.png, id=610, 295.85532pt x 222.07968pt>
File: Image/Result/workspace_1000000.png Graphic file (type png)
<use Image/Result/workspace_1000000.png>
Package pdftex.def Info: Image/Result/workspace_1000000.png  used on input line 123.
(pdftex.def)             Requested size: 203.83417pt x 153.0081pt.
<Image/Result/rect_workspace_1000000_350-650.png, id=612, 301.8778pt x 226.59656pt>
File: Image/Result/rect_workspace_1000000_350-650.png Graphic file (type png)
<use Image/Result/rect_workspace_1000000_350-650.png>
Package pdftex.def Info: Image/Result/rect_workspace_1000000_350-650.png  used on input line 141.
(pdftex.def)             Requested size: 203.83417pt x 153.00139pt.
<Image/Result/rect_workspace_1000000_300-600.png, id=613, 326.4195pt x 244.5135pt>
File: Image/Result/rect_workspace_1000000_300-600.png Graphic file (type png)
<use Image/Result/rect_workspace_1000000_300-600.png>
Package pdftex.def Info: Image/Result/rect_workspace_1000000_300-600.png  used on input line 148.
(pdftex.def)             Requested size: 203.83417pt x 152.68997pt.
 [29 <./Image/Result/workspace_10000.png> <./Image/Result/workspace_1000000.png>]
<Image/Result/top_view_rect_workspace.png, id=624, 237.2865pt x 220.4235pt>
File: Image/Result/top_view_rect_workspace.png Graphic file (type png)
<use Image/Result/top_view_rect_workspace.png>
Package pdftex.def Info: Image/Result/top_view_rect_workspace.png  used on input line 168.
(pdftex.def)             Requested size: 226.48395pt x 210.38995pt.
 [30 <./Image/Result/rect_workspace_1000000_350-650.png> <./Image/Result/rect_workspace_1000000_300-600.png> <./Image/Result/top_view_rect_workspace.png>] [31]
<Image/MATLAB/manipulator_80_120_-120_90.png, id=656, 421.575pt x 280.8894pt>
File: Image/MATLAB/manipulator_80_120_-120_90.png Graphic file (type png)
<use Image/MATLAB/manipulator_80_120_-120_90.png>
Package pdftex.def Info: Image/MATLAB/manipulator_80_120_-120_90.png  used on input line 280.
(pdftex.def)             Requested size: 407.66833pt x 271.6309pt.
<Image/MATLAB/manipulator_-8.88_-89.99_-126.81_-169.73.png, id=657, 421.575pt x 316.0608pt>
File: Image/MATLAB/manipulator_-8.88_-89.99_-126.81_-169.73.png Graphic file (type png)
<use Image/MATLAB/manipulator_-8.88_-89.99_-126.81_-169.73.png>
Package pdftex.def Info: Image/MATLAB/manipulator_-8.88_-89.99_-126.81_-169.73.png  used on input line 286.
(pdftex.def)             Requested size: 221.95676pt x 166.40703pt.
<Image/MATLAB/manipulator_84.98_122.93_-114.9_63.01.png, id=658, 421.575pt x 316.0608pt>
File: Image/MATLAB/manipulator_84.98_122.93_-114.9_63.01.png Graphic file (type png)
<use Image/MATLAB/manipulator_84.98_122.93_-114.9_63.01.png>
Package pdftex.def Info: Image/MATLAB/manipulator_84.98_122.93_-114.9_63.01.png  used on input line 293.
(pdftex.def)             Requested size: 221.95676pt x 166.40703pt.
 [32] [33 <./Image/MATLAB/manipulator_80_120_-120_90.png> <./Image/MATLAB/manipulator_-8.88_-89.99_-126.81_-169.73.png (PNG copy)> <./Image/MATLAB/manipulator_84.98_122.93_-114.9_63.01.png (PNG copy)>]
<Image/Result/trajectory_replication_diff_initialization.png, id=676, 526.96875pt x 395.22656pt>
File: Image/Result/trajectory_replication_diff_initialization.png Graphic file (type png)
<use Image/Result/trajectory_replication_diff_initialization.png>
Package pdftex.def Info: Image/Result/trajectory_replication_diff_initialization.png  used on input line 339.
(pdftex.def)             Requested size: 452.9679pt x 339.74347pt.
 [34]
<Image/Result/cross_trajectory_replication.png, id=687, 526.96875pt x 395.22656pt>
File: Image/Result/cross_trajectory_replication.png Graphic file (type png)
<use Image/Result/cross_trajectory_replication.png>
Package pdftex.def Info: Image/Result/cross_trajectory_replication.png  used on input line 378.
(pdftex.def)             Requested size: 407.66833pt x 305.76671pt.
<Image/Result/circle_trajectory_replication.png, id=688, 526.96875pt x 395.22656pt>
File: Image/Result/circle_trajectory_replication.png Graphic file (type png)
<use Image/Result/circle_trajectory_replication.png>
Package pdftex.def Info: Image/Result/circle_trajectory_replication.png  used on input line 386.
(pdftex.def)             Requested size: 407.66833pt x 305.76671pt.
 [35 <./Image/Result/trajectory_replication_diff_initialization.png (PNG copy)>] [36 <./Image/Result/cross_trajectory_replication.png (PNG copy)> <./Image/Result/circle_trajectory_replication.png (PNG copy)>] [37]
<Image/Result/circuit_connection.jpg, id=718, 1284.8pt x 1322.9425pt>
File: Image/Result/circuit_connection.jpg Graphic file (type jpg)
<use Image/Result/circuit_connection.jpg>
Package pdftex.def Info: Image/Result/circuit_connection.jpg  used on input line 517.
(pdftex.def)             Requested size: 407.66833pt x 419.75706pt.
 [38] [39 <./Image/Result/circuit_connection.jpg>] [40] [41] [42]) (Section/Evaluation.tex [43]
<Image/Result/github.png, id=755, 914.2155pt x 449.2785pt>
File: Image/Result/github.png Graphic file (type png)
<use Image/Result/github.png>
Package pdftex.def Info: Image/Result/github.png  used on input line 46.
(pdftex.def)             Requested size: 452.9679pt x 222.60948pt.
 [44 <./Image/Result/github.png>] [45]) (Section/Conclusion.tex [46]) (Main-Thesis-File.bbl [1

] [2] [3] [4] [5] [6]) [7] (Appendix/Appendix1.tex
Appendix A.
[8

] [9] [10] [11] [12]) (Appendix/Appendix2.tex
Appendix B.
<Image/Code-Display/arduino2.png, id=832, 410.13225pt x 125.87025pt>
File: Image/Code-Display/arduino2.png Graphic file (type png)
<use Image/Code-Display/arduino2.png>
Package pdftex.def Info: Image/Code-Display/arduino2.png  used on input line 9.
(pdftex.def)             Requested size: 452.9679pt x 139.01851pt.
<Image/Code-Display/arduino3.png, id=833, 418.56375pt x 124.0635pt>
File: Image/Code-Display/arduino3.png Graphic file (type png)
<use Image/Code-Display/arduino3.png>
Package pdftex.def Info: Image/Code-Display/arduino3.png  used on input line 15.
(pdftex.def)             Requested size: 452.9679pt x 134.25917pt.
<Image/Code-Display/arduino1.png, id=834, 193.32225pt x 425.79076pt>
File: Image/Code-Display/arduino1.png Graphic file (type png)
<use Image/Code-Display/arduino1.png>
Package pdftex.def Info: Image/Code-Display/arduino1.png  used on input line 27.
(pdftex.def)             Requested size: 294.42636pt x 648.50159pt.
[13

 <./Image/Code-Display/arduino2.png> <./Image/Code-Display/arduino3.png>]
<Image/Code-Display/matlab_240.png, id=841, 469.755pt x 145.14224pt>
File: Image/Code-Display/matlab_240.png Graphic file (type png)
<use Image/Code-Display/matlab_240.png>
Package pdftex.def Info: Image/Code-Display/matlab_240.png  used on input line 36.
(pdftex.def)             Requested size: 294.42636pt x 90.97057pt.
<Image/Code-Display/matlab_260.png, id=842, 469.755pt x 161.403pt>
File: Image/Code-Display/matlab_260.png Graphic file (type png)
<use Image/Code-Display/matlab_260.png>
Package pdftex.def Info: Image/Code-Display/matlab_260.png  used on input line 44.
(pdftex.def)             Requested size: 294.42636pt x 101.16231pt.
 [14 <./Image/Code-Display/arduino1.png>]
<Image/Code-Display/matlab_280.png, id=848, 454.0965pt x 143.93774pt>
File: Image/Code-Display/matlab_280.png Graphic file (type png)
<use Image/Code-Display/matlab_280.png>
Package pdftex.def Info: Image/Code-Display/matlab_280.png  used on input line 52.
(pdftex.def)             Requested size: 294.42636pt x 93.3256pt.
<Image/Code-Display/matlab_300.png, id=849, 442.0515pt x 128.27925pt>
File: Image/Code-Display/matlab_300.png Graphic file (type png)
<use Image/Code-Display/matlab_300.png>
Package pdftex.def Info: Image/Code-Display/matlab_300.png  used on input line 60.
(pdftex.def)             Requested size: 294.42636pt x 85.44164pt.
 [15 <./Image/Code-Display/matlab_240.png> <./Image/Code-Display/matlab_260.png> <./Image/Code-Display/matlab_280.png> <./Image/Code-Display/matlab_300.png>]) (Appendix/Appendix3.tex
Appendix C.
[16

]
<Image/Design/arduino_circuit_layout.png, id=863, 959.08313pt x 569.12625pt>
File: Image/Design/arduino_circuit_layout.png Graphic file (type png)
<use Image/Design/arduino_circuit_layout.png>
Package pdftex.def Info: Image/Design/arduino_circuit_layout.png  used on input line 9.
(pdftex.def)             Requested size: 679.45184pt x 403.19669pt.
 [17

 <./Image/Design/arduino_circuit_layout.png>]
<Image/Design/code_logic_input.jpg, id=869, 402.00188pt x 545.78906pt>
File: Image/Design/code_logic_input.jpg Graphic file (type jpg)
<use Image/Design/code_logic_input.jpg>
Package pdftex.def Info: Image/Design/code_logic_input.jpg  used on input line 22.
(pdftex.def)             Requested size: 280.83788pt x 381.28355pt.
<Image/Design/code_logic_angle.jpg, id=870, 368.87813pt x 493.0922pt>
File: Image/Design/code_logic_angle.jpg Graphic file (type jpg)
<use Image/Design/code_logic_angle.jpg>
Package pdftex.def Info: Image/Design/code_logic_angle.jpg  used on input line 29.
(pdftex.def)             Requested size: 280.83788pt x 375.40102pt.
 [18


 <./Image/Design/code_logic_input.jpg> <./Image/Design/code_logic_angle.jpg>]
<Image/Design/code_logic_tof.jpg, id=875, 426.84468pt x 501.37312pt>
File: Image/Design/code_logic_tof.jpg Graphic file (type jpg)
<use Image/Design/code_logic_tof.jpg>
Package pdftex.def Info: Image/Design/code_logic_tof.jpg  used on input line 45.
(pdftex.def)             Requested size: 323.87038pt x 380.44315pt.
<Image/Design/code_logic_display.png, id=876, 297.36093pt x 471.26062pt>
File: Image/Design/code_logic_display.png Graphic file (type png)
<use Image/Design/code_logic_display.png>
Package pdftex.def Info: Image/Design/code_logic_display.png  used on input line 52.
(pdftex.def)             Requested size: 235.54523pt x 373.29134pt.
 [19


 <./Image/Design/code_logic_tof.jpg> <./Image/Design/code_logic_display.png>]) (Appendix/Appendix4.tex
Appendix D.
[20


] [21] [22] [23] [24] [25] [26]) (Appendix/Appendix5.tex
Appendix E.
<Image/Signature/yezh.png, id=1002, 885.3075pt x 374.39874pt>
File: Image/Signature/yezh.png Graphic file (type png)
<use Image/Signature/yezh.png>
Package pdftex.def Info: Image/Signature/yezh.png  used on input line 13.
(pdftex.def)             Requested size: 113.81102pt x 48.13081pt.
<Image/Signature/xudw.png, id=1003, 1321.93875pt x 442.65375pt>
File: Image/Signature/xudw.png Graphic file (type png)
<use Image/Signature/xudw.png>
Package pdftex.def Info: Image/Signature/xudw.png  used on input line 25.
(pdftex.def)             Requested size: 113.81102pt x 38.108pt.
[27

 <./Image/Signature/yezh.png> <./Image/Signature/xudw.png>]
<Image/Signature/wujc.png, id=1011, 1386.17876pt x 436.63126pt>
File: Image/Signature/wujc.png Graphic file (type png)
<use Image/Signature/wujc.png>
Package pdftex.def Info: Image/Signature/wujc.png  used on input line 38.
(pdftex.def)             Requested size: 113.81102pt x 35.84396pt.
<Image/Signature/liyt.png, id=1012, 2262.4525pt x 1163.34625pt>
File: Image/Signature/liyt.png Graphic file (type png)
<use Image/Signature/liyt.png>
Package pdftex.def Info: Image/Signature/liyt.png  used on input line 49.
(pdftex.def)             Requested size: 113.81102pt x 58.50798pt.
<Image/Signature/zhangyh.png, id=1013, 953.81343pt x 368.87813pt>
File: Image/Signature/zhangyh.png Graphic file (type png)
<use Image/Signature/zhangyh.png>
Package pdftex.def Info: Image/Signature/zhangyh.png  used on input line 60.
(pdftex.def)             Requested size: 113.81102pt x 44.01016pt.
<Image/Signature/zhuyh.png, id=1014, 350.81062pt x 121.20282pt>
File: Image/Signature/zhuyh.png Graphic file (type png)
<use Image/Signature/zhuyh.png>
Package pdftex.def Info: Image/Signature/zhuyh.png  used on input line 73.
(pdftex.def)             Requested size: 113.81102pt x 39.32016pt.
 [28 <./Image/Signature/wujc.png> <./Image/Signature/liyt.png> <./Image/Signature/zhangyh.png> <./Image/Signature/zhuyh.png>]) (Main-Thesis-File.aux)
 ***********
LaTeX2e <2023-11-01>
L3 programming layer <2023-11-09>
 ***********
Package rerunfilecheck Info: File `Main-Thesis-File.out' has not changed.
(rerunfilecheck)             Checksum: 460045BC22EF9056E68F587A47462C1E;5029.
 ) 
Here is how much of TeX's memory you used:
 28505 strings out of 474587
 537724 string characters out of 5745693
 1969558 words of memory out of 5000000
 49843 multiletter control sequences out of 15000+600000
 672652 words of font info for 106 fonts, out of 8000000 for 9000
 1141 hyphenation exceptions out of 8191
 94i,20n,98p,596b,1020s stack positions out of 10000i,1000n,20000p,200000b,200000s
<C:/Users/15210/AppData/Local/Programs/MiKTeX/fonts/type1/public/amsfonts/cm/cmbx10.pfb><C:/Users/15210/AppData/Local/Programs/MiKTeX/fonts/type1/public/amsfonts/cm/cmbx12.pfb><C:/Users/15210/AppData/Local/Programs/MiKTeX/fonts/type1/public/amsfonts/cm/cmbx8.pfb><C:/Users/15210/AppData/Local/Programs/MiKTeX/fonts/type1/public/amsfonts/cm/cmex10.pfb><C:/Users/15210/AppData/Local/Programs/MiKTeX/fonts/type1/public/amsfonts/cm/cmmi10.pfb><C:/Users/15210/AppData/Local/Programs/MiKTeX/fonts/type1/public/amsfonts/cm/cmmi12.pfb><C:/Users/15210/AppData/Local/Programs/MiKTeX/fonts/type1/public/amsfonts/cm/cmmi8.pfb><C:/Users/15210/AppData/Local/Programs/MiKTeX/fonts/type1/public/amsfonts/cm/cmmib10.pfb><C:/Users/15210/AppData/Local/Programs/MiKTeX/fonts/type1/public/amsfonts/cmextra/cmmib8.pfb><C:/Users/15210/AppData/Local/Programs/MiKTeX/fonts/type1/public/amsfonts/cm/cmr10.pfb><C:/Users/15210/AppData/Local/Programs/MiKTeX/fonts/type1/public/amsfonts/cm/cmr12.pfb><C:/Users/15210/AppData/Local/Programs/MiKTeX/fonts/type1/public/amsfonts/cm/cmr6.pfb><C:/Users/15210/AppData/Local/Programs/MiKTeX/fonts/type1/public/amsfonts/cm/cmr8.pfb><C:/Users/15210/AppData/Local/Programs/MiKTeX/fonts/type1/public/amsfonts/cm/cmsy10.pfb><C:/Users/15210/AppData/Local/Programs/MiKTeX/fonts/type1/public/amsfonts/cm/cmsy6.pfb><C:/Users/15210/AppData/Local/Programs/MiKTeX/fonts/type1/public/amsfonts/cm/cmsy8.pfb><C:/Users/15210/AppData/Local/Programs/MiKTeX/fonts/type1/urw/arial/ua1b8a.pfb><C:/Users/15210/AppData/Local/Programs/MiKTeX/fonts/type1/urw/arial/ua1bi8a.pfb><C:/Users/15210/AppData/Local/Programs/MiKTeX/fonts/type1/urw/arial/ua1r8a.pfb><C:/Users/15210/AppData/Local/Programs/MiKTeX/fonts/type1/urw/arial/ua1ri8a.pfb>
Output written on Main-Thesis-File.pdf (80 pages, 6827237 bytes).
PDF statistics:
 1172 PDF objects out of 1200 (max. 8388607)
 289 named destinations out of 1000 (max. 500000)
 532 words of extra memory for PDF output out of 10000 (max. 10000000)

