\BOOKMARK [0][-]{Doc-Start}{\376\377\000A\000b\000s\000t\000r\000a\000c\000t}{}% 1
\BOOKMARK [0][-]{Doc-Start}{\376\377\000L\000i\000s\000t\000\040\000o\000f\000\040\000F\000i\000g\000u\000r\000e\000s}{}% 2
\BOOKMARK [0][-]{Doc-Start}{\376\377\000L\000i\000s\000t\000\040\000o\000f\000\040\000T\000a\000b\000l\000e\000s}{}% 3
\BOOKMARK [1][-]{section.0.1}{\376\377\000I\000n\000t\000r\000o\000d\000u\000c\000t\000i\000o\000n}{Doc-Start}% 4
\BOOKMARK [2][-]{subsection.0.1.1}{\376\377\000B\000a\000c\000k\000g\000r\000o\000u\000n\000d}{section.0.1}% 5
\BOOKMARK [2][-]{subsection.0.1.2}{\376\377\000M\000o\000t\000i\000v\000a\000t\000i\000o\000n}{section.0.1}% 6
\BOOKMARK [2][-]{subsection.0.1.3}{\376\377\000O\000b\000j\000e\000c\000t\000i\000v\000e}{section.0.1}% 7
\BOOKMARK [1][-]{section.0.2}{\376\377\000L\000i\000t\000e\000r\000a\000t\000u\000r\000e\000\040\000R\000e\000v\000i\000e\000w}{Doc-Start}% 8
\BOOKMARK [2][-]{subsection.0.2.1}{\376\377\000M\000a\000n\000i\000p\000u\000l\000a\000t\000o\000r\000s\000\040\000i\000n\000\040\000B\000i\000o\000m\000e\000d\000i\000c\000a\000l\000\040\000A\000p\000p\000l\000i\000c\000a\000t\000i\000o\000n\000s}{section.0.2}% 9
\BOOKMARK [2][-]{subsection.0.2.2}{\376\377\000T\000y\000p\000e\000s\000\040\000o\000f\000\040\000M\000a\000n\000i\000p\000u\000l\000a\000t\000o\000r}{section.0.2}% 10
\BOOKMARK [2][-]{subsection.0.2.3}{\376\377\000T\000y\000p\000e\000s\000\040\000o\000f\000\040\000C\000o\000n\000t\000i\000n\000u\000u\000m\000\040\000R\000o\000b\000o\000t\000s}{section.0.2}% 11
\BOOKMARK [1][-]{section.0.3}{\376\377\000D\000e\000s\000i\000g\000n}{Doc-Start}% 12
\BOOKMARK [2][-]{subsection.0.3.1}{\376\377\000S\000t\000r\000u\000c\000t\000u\000r\000a\000l\000\040\000D\000e\000s\000i\000g\000n}{section.0.3}% 13
\BOOKMARK [2][-]{subsection.0.3.2}{\376\377\000D\000e\000s\000i\000g\000n\000a\000t\000i\000o\000n\000\040\000a\000n\000d\000\040\000P\000a\000r\000a\000m\000e\000t\000e\000r\000\040\000D\000e\000f\000i\000n\000i\000t\000i\000o\000n\000\040\000o\000f\000\040\000M\000a\000n\000i\000p\000u\000l\000a\000t\000o\000r}{section.0.3}% 14
\BOOKMARK [2][-]{subsection.0.3.3}{\376\377\000M\000a\000t\000e\000r\000i\000a\000l\000\040\000S\000e\000l\000e\000c\000t\000i\000o\000n}{section.0.3}% 15
\BOOKMARK [2][-]{subsection.0.3.4}{\376\377\000M\000e\000t\000h\000o\000d\000o\000l\000o\000g\000y}{section.0.3}% 16
\BOOKMARK [2][-]{subsection.0.3.5}{\376\377\000E\000l\000e\000c\000t\000r\000o\000n\000i\000c\000\040\000C\000o\000n\000t\000r\000o\000l}{section.0.3}% 17
\BOOKMARK [1][-]{section.0.4}{\376\377\000R\000e\000s\000u\000l\000t\000\040\000a\000n\000d\000\040\000D\000i\000s\000c\000u\000s\000s\000i\000o\000n}{Doc-Start}% 18
\BOOKMARK [2][-]{subsection.0.4.1}{\376\377\000S\000t\000r\000e\000n\000g\000t\000h\000\040\000A\000n\000a\000l\000y\000s\000i\000s}{section.0.4}% 19
\BOOKMARK [2][-]{subsection.0.4.2}{\376\377\000E\000r\000r\000o\000r\000\040\000A\000n\000a\000l\000y\000s\000i\000s\000\040\000o\000f\000\040\000C\000r\000o\000s\000s\000-\000S\000h\000a\000p\000e\000d\000\040\000S\000h\000e\000e\000t\000s}{section.0.4}% 20
\BOOKMARK [2][-]{subsection.0.4.3}{\376\377\000M\000a\000n\000i\000p\000u\000l\000a\000t\000o\000r\000\040\000W\000o\000r\000k\000s\000p\000a\000c\000e\000\040\000A\000n\000a\000l\000y\000s\000i\000s}{section.0.4}% 21
\BOOKMARK [2][-]{subsection.0.4.4}{\376\377\000I\000n\000v\000e\000r\000s\000e\000\040\000K\000i\000n\000e\000m\000a\000t\000i\000c\000s}{section.0.4}% 22
\BOOKMARK [2][-]{subsection.0.4.5}{\376\377\000E\000l\000e\000c\000t\000r\000o\000n\000i\000c\000\040\000C\000o\000n\000t\000r\000o\000l}{section.0.4}% 23
\BOOKMARK [1][-]{section.0.5}{\376\377\000E\000v\000a\000l\000u\000a\000t\000i\000o\000n}{Doc-Start}% 24
\BOOKMARK [2][-]{subsection.0.5.1}{\376\377\000S\000u\000s\000t\000a\000i\000n\000a\000b\000i\000l\000i\000t\000y}{section.0.5}% 25
\BOOKMARK [2][-]{subsection.0.5.2}{\376\377\000N\000e\000e\000d\000s\000\040\000S\000a\000t\000i\000s\000f\000a\000c\000t\000i\000o\000n}{section.0.5}% 26
\BOOKMARK [1][-]{section.0.6}{\376\377\000C\000o\000n\000c\000l\000u\000s\000i\000o\000n}{Doc-Start}% 27
\BOOKMARK [0][-]{section.0.6}{\376\377\000R\000e\000f\000e\000r\000e\000n\000c\000e\000s}{}% 28
\BOOKMARK [0][-]{appendix.A}{\376\377\000T\000h\000e\000\040\000A\000p\000p\000e\000n\000d\000i\000x\000\040\000o\000f\000\040\000T\000a\000b\000l\000e\000s}{}% 29
\BOOKMARK [0][-]{appendix.B}{\376\377\000T\000h\000e\000\040\000C\000o\000d\000e\000\040\000D\000i\000s\000p\000l\000a\000y}{}% 30
\BOOKMARK [0][-]{appendix.C}{\376\377\000F\000i\000g\000u\000r\000e\000s\000\040\000f\000o\000r\000\040\000I\000l\000l\000u\000s\000t\000r\000a\000t\000i\000o\000n}{}% 31
\BOOKMARK [0][-]{appendix.D}{\376\377\000E\000q\000u\000a\000t\000i\000o\000n\000s\000\040\000a\000n\000d\000\040\000D\000e\000r\000i\000v\000a\000t\000i\000o\000n\000s}{}% 32
\BOOKMARK [0][-]{appendix.E}{\376\377\000C\000o\000n\000t\000r\000i\000b\000u\000t\000i\000o\000n\000\040\000S\000t\000a\000t\000e\000m\000e\000n\000t}{}% 33
