\BOOKMARK [0][-]{Doc-Start}{\376\377\000A\000b\000s\000t\000r\000a\000c\000t}{}% 1
\BOOKMARK [0][-]{Doc-Start}{\376\377\000L\000i\000s\000t\000\040\000o\000f\000\040\000F\000i\000g\000u\000r\000e\000s}{}% 2
\BOOKMARK [0][-]{Doc-Start}{\376\377\000L\000i\000s\000t\000\040\000o\000f\000\040\000T\000a\000b\000l\000e\000s}{}% 3
\BOOKMARK [1][-]{section.0.1}{\376\377\000I\000n\000t\000r\000o\000d\000u\000c\000t\000i\000o\000n}{Doc-Start}% 4
\BOOKMARK [2][-]{subsection.0.1.1}{\376\377\000B\000a\000c\000k\000g\000r\000o\000u\000n\000d}{section.0.1}% 5
\BOOKMARK [2][-]{subsection.0.1.2}{\376\377\000M\000o\000t\000i\000v\000a\000t\000i\000o\000n}{section.0.1}% 6
\BOOKMARK [1][-]{section.0.2}{\376\377\000L\000i\000t\000e\000r\000a\000t\000u\000r\000e\000\040\000R\000e\000v\000i\000e\000w}{Doc-Start}% 7
\BOOKMARK [2][-]{subsection.0.2.1}{\376\377\000p\000a\000r\000t\000\040\000?\000?}{section.0.2}% 8
\BOOKMARK [2][-]{subsection.0.2.2}{\376\377\000p\000a\000r\000t\000\040\000?\000?}{section.0.2}% 9
\BOOKMARK [1][-]{section.0.3}{\376\377\000D\000e\000s\000i\000g\000n}{Doc-Start}% 10
\BOOKMARK [2][-]{subsection.0.3.1}{\376\377\000M\000e\000t\000h\000o\000d\000o\000l\000o\000g\000y}{section.0.3}% 11
\BOOKMARK [3][-]{subsubsection.0.3.1.1}{\376\377\000F\000o\000r\000w\000a\000r\000d\000\040\000K\000i\000n\000e\000m\000a\000t\000i\000c\000s}{subsection.0.3.1}% 12
\BOOKMARK [2][-]{subsection.0.3.2}{\376\377\000p\000a\000r\000t\000\040\000?\000?}{section.0.3}% 13
\BOOKMARK [2][-]{subsection.0.3.3}{\376\377\000p\000a\000r\000t\000\040\000?\000?}{section.0.3}% 14
\BOOKMARK [1][-]{section.0.4}{\376\377\000R\000e\000s\000u\000l\000t\000\040\000a\000n\000d\000\040\000D\000i\000s\000c\000u\000s\000s\000i\000o\000n}{Doc-Start}% 15
\BOOKMARK [2][-]{subsection.0.4.1}{\376\377\000p\000a\000r\000t\000\040\000?\000?}{section.0.4}% 16
\BOOKMARK [2][-]{subsection.0.4.2}{\376\377\000p\000a\000r\000t\000\040\000?\000?}{section.0.4}% 17
\BOOKMARK [2][-]{subsection.0.4.3}{\376\377\000p\000a\000r\000t\000\040\000?\000?}{section.0.4}% 18
\BOOKMARK [2][-]{subsection.0.4.4}{\376\377\000p\000a\000r\000t\000\040\000?\000?}{section.0.4}% 19
\BOOKMARK [2][-]{subsection.0.4.5}{\376\377\000p\000a\000r\000t\000\040\000?\000?}{section.0.4}% 20
\BOOKMARK [2][-]{subsection.0.4.6}{\376\377\000p\000a\000r\000t\000\040\000?\000?}{section.0.4}% 21
\BOOKMARK [2][-]{subsection.0.4.7}{\376\377\000p\000a\000r\000t\000\040\000?\000?}{section.0.4}% 22
\BOOKMARK [2][-]{subsection.0.4.8}{\376\377\000p\000a\000r\000t\000\040\000?\000?}{section.0.4}% 23
\BOOKMARK [2][-]{subsection.0.4.9}{\376\377\000p\000a\000r\000t\000\040\000?\000?}{section.0.4}% 24
\BOOKMARK [2][-]{subsection.0.4.10}{\376\377\000p\000a\000r\000t\000\040\000?\000?}{section.0.4}% 25
\BOOKMARK [2][-]{subsection.0.4.11}{\376\377\000p\000a\000r\000t\000\040\000?\000?}{section.0.4}% 26
\BOOKMARK [1][-]{section.0.5}{\376\377\000C\000o\000n\000c\000l\000u\000s\000i\000o\000n}{Doc-Start}% 27
\BOOKMARK [0][-]{chapter*.3}{\376\377\000R\000e\000f\000e\000r\000e\000n\000c\000e\000s}{}% 28
\BOOKMARK [0][-]{appendix.A}{\376\377\000T\000E\000S\000T}{}% 29
\BOOKMARK [0][-]{appendix.B}{\376\377\000T\000e\000s\000t}{}% 30
